<?xml version="1.0" encoding="UTF-8"?>
<!-- Generated by org.testng.reporters.JUnitXMLReporter -->
<testsuite ignored="1" hostname="DESKTOP-CMB6GIS" failures="0" tests="3" name="Default test" time="60.261" errors="0" timestamp="2022-04-11T20:15:40 IST">
  <testcase classname="com.qa.rcade.tests.LoginPageTest" name="loginPageTitleTest" time="0.07"/>
  <testcase classname="com.qa.rcade.tests.LoginPageTest" name="loginPageUrlTest" time="0.048"/>
  <testcase classname="com.qa.rcade.tests.LoginPageTest" name="loginTest" time="1.163"/>
  <testcase classname="com.qa.rcade.tests.LoginPageTest" name="newRegisterLinkTest" time="0.0">
    <ignored/>
  </testcase> <!-- newRegisterLinkTest -->
</testsuite> <!-- Default test -->
